Namespace(batch_size=128, epochs=80, hidden_dims=[512], log_dir='VAE_logs', lr=0.001, model='MLP', num_filters=32, num_workers=4, progress_bar=False, seed=42, z_dim=30)
Using device cuda:0
:: Epoch1 :: BPD: 0.24, Rec: 13466.49, Reg: 2820.04
:: Epoch2 :: BPD: 0.20, Rec: 10326.21, Reg: 3539.35
:: Epoch3 :: BPD: 0.19, Rec: 9135.19, Reg: 3720.60
:: Epoch4 :: BPD: 0.18, Rec: 8623.63, Reg: 3732.88
:: Epoch5 :: BPD: 0.18, Rec: 8089.85, Reg: 3946.21
:: Epoch6 :: BPD: 0.17, Rec: 7836.49, Reg: 3978.77
:: Epoch7 :: BPD: 0.17, Rec: 7650.26, Reg: 4017.22
:: Epoch8 :: BPD: 0.17, Rec: 7472.30, Reg: 4059.57
:: Epoch9 :: BPD: 0.17, Rec: 7416.47, Reg: 4061.43
:: Epoch10 :: BPD: 0.17, Rec: 7190.51, Reg: 4216.99
:: Epoch11 :: BPD: 0.17, Rec: 7122.36, Reg: 4202.88
:: Epoch12 :: BPD: 0.17, Rec: 7042.55, Reg: 4197.12
:: Epoch13 :: BPD: 0.17, Rec: 6998.60, Reg: 4178.69
:: Epoch14 :: BPD: 0.17, Rec: 6989.18, Reg: 4213.82
:: Epoch15 :: BPD: 0.16, Rec: 6940.05, Reg: 4201.56
:: Epoch16 :: BPD: 0.16, Rec: 6842.42, Reg: 4261.18
:: Epoch17 :: BPD: 0.16, Rec: 6732.01, Reg: 4424.41
:: Epoch18 :: BPD: 0.16, Rec: 6770.74, Reg: 4302.74
:: Epoch19 :: BPD: 0.16, Rec: 6803.27, Reg: 4251.53
:: Epoch20 :: BPD: 0.16, Rec: 6699.02, Reg: 4365.54
:: Epoch21 :: BPD: 0.16, Rec: 6696.13, Reg: 4301.31
:: Epoch22 :: BPD: 0.16, Rec: 6649.41, Reg: 4339.19
:: Epoch23 :: BPD: 0.16, Rec: 6676.07, Reg: 4301.50
:: Epoch24 :: BPD: 0.16, Rec: 6594.30, Reg: 4343.11
:: Epoch25 :: BPD: 0.16, Rec: 6660.52, Reg: 4270.54
:: Epoch26 :: BPD: 0.16, Rec: 6569.59, Reg: 4356.97
:: Epoch27 :: BPD: 0.16, Rec: 6665.78, Reg: 4272.21
:: Epoch28 :: BPD: 0.16, Rec: 6566.83, Reg: 4335.82
:: Epoch29 :: BPD: 0.16, Rec: 6606.15, Reg: 4304.63
:: Epoch30 :: BPD: 0.16, Rec: 6720.51, Reg: 4203.83
:: Epoch31 :: BPD: 0.16, Rec: 6553.96, Reg: 4349.87
:: Epoch32 :: BPD: 0.16, Rec: 6474.46, Reg: 4408.28
:: Epoch33 :: BPD: 0.16, Rec: 6634.16, Reg: 4231.64
:: Epoch34 :: BPD: 0.16, Rec: 6519.68, Reg: 4351.70
:: Epoch35 :: BPD: 0.16, Rec: 6526.77, Reg: 4333.26
:: Epoch36 :: BPD: 0.16, Rec: 6560.51, Reg: 4283.85
:: Epoch37 :: BPD: 0.16, Rec: 6469.61, Reg: 4381.93
:: Epoch38 :: BPD: 0.16, Rec: 6479.00, Reg: 4348.95
:: Epoch39 :: BPD: 0.16, Rec: 6545.96, Reg: 4288.96
:: Epoch40 :: BPD: 0.16, Rec: 6532.54, Reg: 4309.92
:: Epoch41 :: BPD: 0.16, Rec: 6439.27, Reg: 4382.07
:: Epoch42 :: BPD: 0.16, Rec: 6520.49, Reg: 4291.48
:: Epoch43 :: BPD: 0.16, Rec: 6510.23, Reg: 4321.11
:: Epoch44 :: BPD: 0.16, Rec: 6471.31, Reg: 4324.92
:: Epoch45 :: BPD: 0.16, Rec: 6477.26, Reg: 4288.75
:: Epoch46 :: BPD: 0.16, Rec: 6465.99, Reg: 4333.78
:: Epoch47 :: BPD: 0.16, Rec: 6433.67, Reg: 4344.52
:: Epoch48 :: BPD: 0.16, Rec: 6460.14, Reg: 4351.80
:: Epoch49 :: BPD: 0.16, Rec: 6544.20, Reg: 4247.16
:: Epoch50 :: BPD: 0.16, Rec: 6420.10, Reg: 4357.62
:: Epoch51 :: BPD: 0.16, Rec: 6383.54, Reg: 4393.83
:: Epoch52 :: BPD: 0.16, Rec: 6443.30, Reg: 4350.94
:: Epoch53 :: BPD: 0.16, Rec: 6416.18, Reg: 4345.21
:: Epoch54 :: BPD: 0.16, Rec: 6342.64, Reg: 4450.06
:: Epoch55 :: BPD: 0.16, Rec: 6366.01, Reg: 4353.93
:: Epoch56 :: BPD: 0.16, Rec: 6323.79, Reg: 4457.31
:: Epoch57 :: BPD: 0.16, Rec: 6475.08, Reg: 4295.51
:: Epoch58 :: BPD: 0.16, Rec: 6372.90, Reg: 4366.38
:: Epoch59 :: BPD: 0.16, Rec: 6406.25, Reg: 4363.20
:: Epoch60 :: BPD: 0.16, Rec: 6337.35, Reg: 4391.43
:: Epoch61 :: BPD: 0.16, Rec: 6407.26, Reg: 4348.37
:: Epoch62 :: BPD: 0.16, Rec: 6347.41, Reg: 4378.46
:: Epoch63 :: BPD: 0.16, Rec: 6319.36, Reg: 4424.09
:: Epoch64 :: BPD: 0.16, Rec: 6355.30, Reg: 4367.34
:: Epoch65 :: BPD: 0.16, Rec: 6406.08, Reg: 4337.33
:: Epoch66 :: BPD: 0.16, Rec: 6423.24, Reg: 4291.49
:: Epoch67 :: BPD: 0.16, Rec: 6352.89, Reg: 4376.87
:: Epoch68 :: BPD: 0.16, Rec: 6297.43, Reg: 4415.36
:: Epoch69 :: BPD: 0.16, Rec: 6340.03, Reg: 4408.42
:: Epoch70 :: BPD: 0.16, Rec: 6312.95, Reg: 4417.60
:: Epoch71 :: BPD: 0.16, Rec: 6381.30, Reg: 4363.20
:: Epoch72 :: BPD: 0.16, Rec: 6345.36, Reg: 4360.52
:: Epoch73 :: BPD: 0.16, Rec: 6375.30, Reg: 4350.09
:: Epoch74 :: BPD: 0.16, Rec: 6388.76, Reg: 4344.34
:: Epoch75 :: BPD: 0.16, Rec: 6360.32, Reg: 4380.91
:: Epoch76 :: BPD: 0.16, Rec: 6223.13, Reg: 4462.02
:: Epoch77 :: BPD: 0.16, Rec: 6261.93, Reg: 4441.85
:: Epoch78 :: BPD: 0.16, Rec: 6288.89, Reg: 4413.09
:: Epoch79 :: BPD: 0.16, Rec: 6366.48, Reg: 4354.91
:: Epoch80 :: BPD: 0.16, Rec: 6258.65, Reg: 4454.66
Best epoch: 76. Load model for testing.
Test BPD: 0.15161251342749293
