Namespace(batch_size=128, epochs=80, hidden_dims=[512, 256], log_dir='VAE_logs', lr=0.001, model='MLP', num_filters=32, num_workers=4, progress_bar=False, seed=42, z_dim=20)
Using device cuda:0
:: Epoch1 :: BPD: 0.27, Rec: 16596.90, Reg: 1555.79
:: Epoch2 :: BPD: 0.23, Rec: 13491.78, Reg: 1922.62
:: Epoch3 :: BPD: 0.21, Rec: 11624.18, Reg: 2251.22
:: Epoch4 :: BPD: 0.19, Rec: 10626.82, Reg: 2420.72
:: Epoch5 :: BPD: 0.19, Rec: 10010.90, Reg: 2568.20
:: Epoch6 :: BPD: 0.18, Rec: 9625.81, Reg: 2614.76
:: Epoch7 :: BPD: 0.18, Rec: 9338.47, Reg: 2678.81
:: Epoch8 :: BPD: 0.17, Rec: 9073.03, Reg: 2737.21
:: Epoch9 :: BPD: 0.17, Rec: 9061.75, Reg: 2665.31
:: Epoch10 :: BPD: 0.17, Rec: 8804.00, Reg: 2752.45
:: Epoch11 :: BPD: 0.17, Rec: 8743.38, Reg: 2765.16
:: Epoch12 :: BPD: 0.17, Rec: 8618.82, Reg: 2783.41
:: Epoch13 :: BPD: 0.17, Rec: 8601.25, Reg: 2725.01
:: Epoch14 :: BPD: 0.17, Rec: 8429.71, Reg: 2863.54
:: Epoch15 :: BPD: 0.17, Rec: 8431.14, Reg: 2821.32
:: Epoch16 :: BPD: 0.17, Rec: 8363.59, Reg: 2823.09
:: Epoch17 :: BPD: 0.17, Rec: 8322.30, Reg: 2868.10
:: Epoch18 :: BPD: 0.17, Rec: 8348.85, Reg: 2841.11
:: Epoch19 :: BPD: 0.16, Rec: 8286.93, Reg: 2850.77
:: Epoch20 :: BPD: 0.16, Rec: 8255.43, Reg: 2853.09
:: Epoch21 :: BPD: 0.16, Rec: 8291.12, Reg: 2843.12
:: Epoch22 :: BPD: 0.16, Rec: 8100.80, Reg: 2948.04
:: Epoch23 :: BPD: 0.16, Rec: 8112.17, Reg: 2958.46
:: Epoch24 :: BPD: 0.16, Rec: 8104.59, Reg: 2882.89
:: Epoch25 :: BPD: 0.16, Rec: 8089.94, Reg: 2925.73
:: Epoch26 :: BPD: 0.16, Rec: 8055.90, Reg: 2895.21
:: Epoch27 :: BPD: 0.16, Rec: 8085.25, Reg: 2864.94
:: Epoch28 :: BPD: 0.16, Rec: 8028.34, Reg: 2928.83
:: Epoch29 :: BPD: 0.16, Rec: 7995.44, Reg: 2968.14
:: Epoch30 :: BPD: 0.16, Rec: 8004.23, Reg: 2946.81
:: Epoch31 :: BPD: 0.16, Rec: 7928.60, Reg: 2997.41
:: Epoch32 :: BPD: 0.16, Rec: 7912.23, Reg: 2969.80
:: Epoch33 :: BPD: 0.16, Rec: 8006.93, Reg: 2966.69
:: Epoch34 :: BPD: 0.16, Rec: 7925.39, Reg: 2993.98
:: Epoch35 :: BPD: 0.16, Rec: 7946.89, Reg: 2948.66
:: Epoch36 :: BPD: 0.16, Rec: 7905.54, Reg: 2968.32
:: Epoch37 :: BPD: 0.16, Rec: 7994.42, Reg: 2931.48
:: Epoch38 :: BPD: 0.16, Rec: 7901.08, Reg: 3000.56
:: Epoch39 :: BPD: 0.16, Rec: 7881.50, Reg: 2996.12
:: Epoch40 :: BPD: 0.16, Rec: 7918.93, Reg: 2950.33
:: Epoch41 :: BPD: 0.16, Rec: 7921.29, Reg: 3004.39
:: Epoch42 :: BPD: 0.16, Rec: 7925.54, Reg: 2960.53
:: Epoch43 :: BPD: 0.16, Rec: 7844.82, Reg: 3039.94
:: Epoch44 :: BPD: 0.16, Rec: 7936.45, Reg: 2989.87
:: Epoch45 :: BPD: 0.16, Rec: 7913.87, Reg: 2952.51
:: Epoch46 :: BPD: 0.16, Rec: 7943.79, Reg: 2961.53
:: Epoch47 :: BPD: 0.16, Rec: 7868.57, Reg: 3002.93
:: Epoch48 :: BPD: 0.16, Rec: 7922.98, Reg: 2992.95
:: Epoch49 :: BPD: 0.16, Rec: 7915.75, Reg: 2969.89
:: Epoch50 :: BPD: 0.16, Rec: 7895.43, Reg: 3014.71
:: Epoch51 :: BPD: 0.16, Rec: 7889.05, Reg: 2994.19
:: Epoch52 :: BPD: 0.16, Rec: 7867.96, Reg: 3021.54
:: Epoch53 :: BPD: 0.16, Rec: 7904.42, Reg: 3012.78
:: Epoch54 :: BPD: 0.16, Rec: 7845.88, Reg: 3053.64
:: Epoch55 :: BPD: 0.16, Rec: 7963.35, Reg: 3024.55
:: Epoch56 :: BPD: 0.16, Rec: 7863.00, Reg: 3042.69
:: Epoch57 :: BPD: 0.16, Rec: 7811.63, Reg: 3103.97
:: Epoch58 :: BPD: 0.16, Rec: 7874.56, Reg: 3010.72
:: Epoch59 :: BPD: 0.16, Rec: 7929.76, Reg: 2981.39
:: Epoch60 :: BPD: 0.16, Rec: 7841.96, Reg: 3044.01
:: Epoch61 :: BPD: 0.16, Rec: 7822.86, Reg: 3091.04
:: Epoch62 :: BPD: 0.16, Rec: 7867.99, Reg: 3096.77
:: Epoch63 :: BPD: 0.16, Rec: 7814.89, Reg: 3071.56
:: Epoch64 :: BPD: 0.16, Rec: 7848.35, Reg: 3068.81
:: Epoch65 :: BPD: 0.16, Rec: 7916.23, Reg: 3024.09
:: Epoch66 :: BPD: 0.16, Rec: 7923.17, Reg: 3031.06
:: Epoch67 :: BPD: 0.16, Rec: 7865.82, Reg: 3063.75
:: Epoch68 :: BPD: 0.16, Rec: 7870.97, Reg: 3067.49
:: Epoch69 :: BPD: 0.16, Rec: 7940.79, Reg: 3030.48
:: Epoch70 :: BPD: 0.16, Rec: 7907.51, Reg: 3056.84
:: Epoch71 :: BPD: 0.16, Rec: 7900.32, Reg: 3056.02
:: Epoch72 :: BPD: 0.16, Rec: 7864.85, Reg: 3054.49
:: Epoch73 :: BPD: 0.16, Rec: 7911.41, Reg: 2986.05
:: Epoch74 :: BPD: 0.16, Rec: 7917.54, Reg: 3019.58
:: Epoch75 :: BPD: 0.16, Rec: 7808.81, Reg: 3135.08
:: Epoch76 :: BPD: 0.16, Rec: 7824.18, Reg: 3122.41
:: Epoch77 :: BPD: 0.16, Rec: 7943.33, Reg: 3027.32
:: Epoch78 :: BPD: 0.16, Rec: 7922.48, Reg: 3083.89
:: Epoch79 :: BPD: 0.16, Rec: 7895.56, Reg: 3043.16
:: Epoch80 :: BPD: 0.16, Rec: 7947.19, Reg: 3010.68
Best epoch: 40. Load model for testing.
Test BPD: 0.15272475062291832
