Namespace(batch_size=128, epochs=80, hidden_dims=[512], log_dir='VAE_logs', lr=0.001, model='MLP', num_filters=32, num_workers=4, progress_bar=False, seed=42, z_dim=20)
Using device cuda:0
:: Epoch1 :: BPD: 0.23, Rec: 13038.23, Reg: 2676.89
:: Epoch2 :: BPD: 0.20, Rec: 10379.28, Reg: 3207.49
:: Epoch3 :: BPD: 0.19, Rec: 9387.74, Reg: 3400.23
:: Epoch4 :: BPD: 0.18, Rec: 9024.09, Reg: 3433.06
:: Epoch5 :: BPD: 0.18, Rec: 8589.61, Reg: 3525.04
:: Epoch6 :: BPD: 0.18, Rec: 8304.17, Reg: 3616.32
:: Epoch7 :: BPD: 0.17, Rec: 8107.93, Reg: 3635.78
:: Epoch8 :: BPD: 0.17, Rec: 8080.97, Reg: 3617.51
:: Epoch9 :: BPD: 0.17, Rec: 7816.80, Reg: 3775.45
:: Epoch10 :: BPD: 0.17, Rec: 7870.42, Reg: 3644.54
:: Epoch11 :: BPD: 0.17, Rec: 7643.68, Reg: 3781.08
:: Epoch12 :: BPD: 0.17, Rec: 7554.79, Reg: 3844.23
:: Epoch13 :: BPD: 0.17, Rec: 7558.63, Reg: 3800.24
:: Epoch14 :: BPD: 0.17, Rec: 7494.68, Reg: 3821.62
:: Epoch15 :: BPD: 0.17, Rec: 7529.76, Reg: 3739.59
:: Epoch16 :: BPD: 0.17, Rec: 7412.10, Reg: 3834.51
:: Epoch17 :: BPD: 0.17, Rec: 7372.75, Reg: 3899.12
:: Epoch18 :: BPD: 0.17, Rec: 7350.91, Reg: 3894.32
:: Epoch19 :: BPD: 0.16, Rec: 7355.86, Reg: 3809.75
:: Epoch20 :: BPD: 0.16, Rec: 7281.23, Reg: 3862.59
:: Epoch21 :: BPD: 0.17, Rec: 7305.15, Reg: 3893.65
:: Epoch22 :: BPD: 0.16, Rec: 7316.08, Reg: 3790.18
:: Epoch23 :: BPD: 0.16, Rec: 7340.17, Reg: 3813.28
:: Epoch24 :: BPD: 0.16, Rec: 7248.22, Reg: 3876.00
:: Epoch25 :: BPD: 0.16, Rec: 7229.62, Reg: 3863.41
:: Epoch26 :: BPD: 0.16, Rec: 7173.51, Reg: 3886.63
:: Epoch27 :: BPD: 0.16, Rec: 7110.81, Reg: 3945.88
:: Epoch28 :: BPD: 0.16, Rec: 7189.42, Reg: 3878.30
:: Epoch29 :: BPD: 0.16, Rec: 7194.87, Reg: 3846.76
:: Epoch30 :: BPD: 0.16, Rec: 7221.48, Reg: 3804.09
:: Epoch31 :: BPD: 0.16, Rec: 7104.23, Reg: 3922.96
:: Epoch32 :: BPD: 0.16, Rec: 7042.73, Reg: 3990.02
:: Epoch33 :: BPD: 0.16, Rec: 7121.64, Reg: 3893.76
:: Epoch34 :: BPD: 0.16, Rec: 7059.72, Reg: 3956.53
:: Epoch35 :: BPD: 0.16, Rec: 7132.83, Reg: 3887.33
:: Epoch36 :: BPD: 0.16, Rec: 7044.82, Reg: 3920.92
:: Epoch37 :: BPD: 0.16, Rec: 7118.08, Reg: 3890.08
:: Epoch38 :: BPD: 0.16, Rec: 7023.47, Reg: 3930.05
:: Epoch39 :: BPD: 0.16, Rec: 7029.52, Reg: 3930.50
:: Epoch40 :: BPD: 0.16, Rec: 7055.02, Reg: 3899.05
:: Epoch41 :: BPD: 0.16, Rec: 7098.01, Reg: 3857.39
:: Epoch42 :: BPD: 0.16, Rec: 7040.04, Reg: 3918.94
:: Epoch43 :: BPD: 0.16, Rec: 7116.40, Reg: 3856.99
:: Epoch44 :: BPD: 0.16, Rec: 7090.56, Reg: 3879.66
:: Epoch45 :: BPD: 0.16, Rec: 7065.16, Reg: 3917.07
:: Epoch46 :: BPD: 0.16, Rec: 6998.42, Reg: 3944.22
:: Epoch47 :: BPD: 0.16, Rec: 6997.94, Reg: 3921.46
:: Epoch48 :: BPD: 0.16, Rec: 6994.19, Reg: 3932.85
:: Epoch49 :: BPD: 0.16, Rec: 7009.23, Reg: 3955.46
:: Epoch50 :: BPD: 0.16, Rec: 7002.42, Reg: 3912.99
:: Epoch51 :: BPD: 0.16, Rec: 6999.79, Reg: 3919.63
:: Epoch52 :: BPD: 0.16, Rec: 6987.64, Reg: 3944.95
:: Epoch53 :: BPD: 0.16, Rec: 6988.86, Reg: 3916.40
:: Epoch54 :: BPD: 0.16, Rec: 6981.43, Reg: 3948.82
:: Epoch55 :: BPD: 0.16, Rec: 6980.16, Reg: 3932.20
:: Epoch56 :: BPD: 0.16, Rec: 6905.04, Reg: 3990.56
:: Epoch57 :: BPD: 0.16, Rec: 6938.75, Reg: 3958.71
:: Epoch58 :: BPD: 0.16, Rec: 7018.08, Reg: 3877.45
:: Epoch59 :: BPD: 0.16, Rec: 7003.63, Reg: 3913.58
:: Epoch60 :: BPD: 0.16, Rec: 6951.66, Reg: 3954.85
:: Epoch61 :: BPD: 0.16, Rec: 6938.99, Reg: 3952.56
:: Epoch62 :: BPD: 0.16, Rec: 6905.63, Reg: 3992.73
:: Epoch63 :: BPD: 0.16, Rec: 6951.89, Reg: 3971.17
:: Epoch64 :: BPD: 0.16, Rec: 6982.96, Reg: 3926.78
:: Epoch65 :: BPD: 0.16, Rec: 6864.54, Reg: 4011.91
:: Epoch66 :: BPD: 0.16, Rec: 6922.77, Reg: 3963.66
:: Epoch67 :: BPD: 0.16, Rec: 6896.42, Reg: 3980.88
:: Epoch68 :: BPD: 0.16, Rec: 6944.59, Reg: 3976.57
:: Epoch69 :: BPD: 0.16, Rec: 6918.74, Reg: 3954.44
:: Epoch70 :: BPD: 0.16, Rec: 6943.30, Reg: 3953.42
:: Epoch71 :: BPD: 0.16, Rec: 6923.23, Reg: 3965.14
:: Epoch72 :: BPD: 0.16, Rec: 6868.07, Reg: 4019.68
:: Epoch73 :: BPD: 0.16, Rec: 6927.31, Reg: 3980.99
:: Epoch74 :: BPD: 0.16, Rec: 6897.70, Reg: 3971.84
:: Epoch75 :: BPD: 0.16, Rec: 6899.26, Reg: 3953.30
:: Epoch76 :: BPD: 0.16, Rec: 6918.16, Reg: 3970.90
:: Epoch77 :: BPD: 0.16, Rec: 6896.88, Reg: 3998.63
:: Epoch78 :: BPD: 0.16, Rec: 6944.06, Reg: 3917.33
:: Epoch79 :: BPD: 0.16, Rec: 6831.25, Reg: 4048.92
:: Epoch80 :: BPD: 0.16, Rec: 6881.46, Reg: 3986.38
Best epoch: 75. Load model for testing.
Test BPD: 0.15377550657036937
