Namespace(batch_size=128, epochs=80, hidden_dims=[256], log_dir='VAE_logs', lr=0.001, model='MLP', num_filters=32, num_workers=4, progress_bar=False, seed=42, z_dim=30)
Using device cuda:0
:: Epoch1 :: BPD: 0.26, Rec: 15488.91, Reg: 2394.84
:: Epoch2 :: BPD: 0.22, Rec: 12003.76, Reg: 3035.41
:: Epoch3 :: BPD: 0.20, Rec: 10550.00, Reg: 3310.47
:: Epoch4 :: BPD: 0.20, Rec: 9841.35, Reg: 3385.25
:: Epoch5 :: BPD: 0.19, Rec: 9229.91, Reg: 3505.61
:: Epoch6 :: BPD: 0.18, Rec: 8822.10, Reg: 3629.36
:: Epoch7 :: BPD: 0.18, Rec: 8471.71, Reg: 3727.76
:: Epoch8 :: BPD: 0.18, Rec: 8200.94, Reg: 3867.51
:: Epoch9 :: BPD: 0.18, Rec: 8061.01, Reg: 3805.37
:: Epoch10 :: BPD: 0.17, Rec: 7948.87, Reg: 3875.47
:: Epoch11 :: BPD: 0.17, Rec: 7867.66, Reg: 3868.51
:: Epoch12 :: BPD: 0.17, Rec: 7680.11, Reg: 3969.89
:: Epoch13 :: BPD: 0.17, Rec: 7672.13, Reg: 3929.13
:: Epoch14 :: BPD: 0.17, Rec: 7579.15, Reg: 3991.13
:: Epoch15 :: BPD: 0.17, Rec: 7481.31, Reg: 4029.53
:: Epoch16 :: BPD: 0.17, Rec: 7427.64, Reg: 4021.67
:: Epoch17 :: BPD: 0.17, Rec: 7423.83, Reg: 3994.30
:: Epoch18 :: BPD: 0.17, Rec: 7305.93, Reg: 4055.66
:: Epoch19 :: BPD: 0.17, Rec: 7293.29, Reg: 4043.79
:: Epoch20 :: BPD: 0.17, Rec: 7323.14, Reg: 3986.45
:: Epoch21 :: BPD: 0.17, Rec: 7225.90, Reg: 4114.25
:: Epoch22 :: BPD: 0.17, Rec: 7103.26, Reg: 4159.09
:: Epoch23 :: BPD: 0.17, Rec: 7160.91, Reg: 4141.64
:: Epoch24 :: BPD: 0.17, Rec: 7061.65, Reg: 4192.16
:: Epoch25 :: BPD: 0.17, Rec: 7111.39, Reg: 4116.32
:: Epoch26 :: BPD: 0.17, Rec: 7073.92, Reg: 4176.47
:: Epoch27 :: BPD: 0.17, Rec: 6992.84, Reg: 4179.28
:: Epoch28 :: BPD: 0.17, Rec: 6979.07, Reg: 4201.75
:: Epoch29 :: BPD: 0.17, Rec: 7069.65, Reg: 4112.54
:: Epoch30 :: BPD: 0.16, Rec: 6951.85, Reg: 4196.63
:: Epoch31 :: BPD: 0.16, Rec: 6925.47, Reg: 4202.58
:: Epoch32 :: BPD: 0.16, Rec: 6992.33, Reg: 4176.38
:: Epoch33 :: BPD: 0.16, Rec: 6932.75, Reg: 4205.25
:: Epoch34 :: BPD: 0.16, Rec: 6960.62, Reg: 4174.71
:: Epoch35 :: BPD: 0.16, Rec: 6963.47, Reg: 4189.08
:: Epoch36 :: BPD: 0.16, Rec: 6817.47, Reg: 4272.79
:: Epoch37 :: BPD: 0.16, Rec: 6963.31, Reg: 4157.13
:: Epoch38 :: BPD: 0.16, Rec: 6948.90, Reg: 4117.09
:: Epoch39 :: BPD: 0.16, Rec: 6964.72, Reg: 4128.88
:: Epoch40 :: BPD: 0.16, Rec: 6855.93, Reg: 4196.30
:: Epoch41 :: BPD: 0.16, Rec: 6836.96, Reg: 4233.03
:: Epoch42 :: BPD: 0.16, Rec: 6692.43, Reg: 4355.19
:: Epoch43 :: BPD: 0.16, Rec: 6690.24, Reg: 4359.88
:: Epoch44 :: BPD: 0.16, Rec: 6772.00, Reg: 4254.78
:: Epoch45 :: BPD: 0.16, Rec: 6835.80, Reg: 4201.02
:: Epoch46 :: BPD: 0.16, Rec: 6763.36, Reg: 4242.97
:: Epoch47 :: BPD: 0.16, Rec: 6716.01, Reg: 4331.82
:: Epoch48 :: BPD: 0.16, Rec: 6745.83, Reg: 4276.32
:: Epoch49 :: BPD: 0.16, Rec: 6700.48, Reg: 4340.09
:: Epoch50 :: BPD: 0.16, Rec: 6752.58, Reg: 4246.90
:: Epoch51 :: BPD: 0.16, Rec: 6673.45, Reg: 4350.82
:: Epoch52 :: BPD: 0.16, Rec: 6754.98, Reg: 4241.40
:: Epoch53 :: BPD: 0.16, Rec: 6724.04, Reg: 4253.29
:: Epoch54 :: BPD: 0.16, Rec: 6790.21, Reg: 4211.59
:: Epoch55 :: BPD: 0.16, Rec: 6705.27, Reg: 4281.97
:: Epoch56 :: BPD: 0.16, Rec: 6592.87, Reg: 4363.62
:: Epoch57 :: BPD: 0.16, Rec: 6707.91, Reg: 4265.80
:: Epoch58 :: BPD: 0.16, Rec: 6778.33, Reg: 4202.04
:: Epoch59 :: BPD: 0.16, Rec: 6650.96, Reg: 4313.35
:: Epoch60 :: BPD: 0.16, Rec: 6606.68, Reg: 4352.01
:: Epoch61 :: BPD: 0.16, Rec: 6642.55, Reg: 4317.77
:: Epoch62 :: BPD: 0.16, Rec: 6765.89, Reg: 4207.41
:: Epoch63 :: BPD: 0.16, Rec: 6628.72, Reg: 4319.17
:: Epoch64 :: BPD: 0.16, Rec: 6666.98, Reg: 4244.25
:: Epoch65 :: BPD: 0.16, Rec: 6693.36, Reg: 4253.74
:: Epoch66 :: BPD: 0.16, Rec: 6725.91, Reg: 4219.10
:: Epoch67 :: BPD: 0.16, Rec: 6666.78, Reg: 4268.46
:: Epoch68 :: BPD: 0.16, Rec: 6685.88, Reg: 4228.12
:: Epoch69 :: BPD: 0.16, Rec: 6533.74, Reg: 4396.17
:: Epoch70 :: BPD: 0.16, Rec: 6659.31, Reg: 4258.70
:: Epoch71 :: BPD: 0.16, Rec: 6686.08, Reg: 4237.97
:: Epoch72 :: BPD: 0.16, Rec: 6563.65, Reg: 4316.79
:: Epoch73 :: BPD: 0.16, Rec: 6654.21, Reg: 4263.18
:: Epoch74 :: BPD: 0.16, Rec: 6581.11, Reg: 4302.97
:: Epoch75 :: BPD: 0.16, Rec: 6636.25, Reg: 4285.26
:: Epoch76 :: BPD: 0.16, Rec: 6576.67, Reg: 4343.64
:: Epoch77 :: BPD: 0.16, Rec: 6753.87, Reg: 4196.62
:: Epoch78 :: BPD: 0.16, Rec: 6576.04, Reg: 4339.87
:: Epoch79 :: BPD: 0.16, Rec: 6623.83, Reg: 4262.42
:: Epoch80 :: BPD: 0.16, Rec: 6571.86, Reg: 4310.89
Best epoch: 80. Load model for testing.
Test BPD: 0.15467756043506575
