Namespace(batch_size=128, epochs=80, hidden_dims=[512, 256], log_dir='VAE_logs', lr=0.001, model='MLP', num_filters=32, num_workers=4, progress_bar=False, seed=42, z_dim=10)
Using device cuda:0
:: Epoch1 :: BPD: 0.26, Rec: 16028.63, Reg: 1533.28
:: Epoch2 :: BPD: 0.22, Rec: 12860.73, Reg: 1963.37
:: Epoch3 :: BPD: 0.20, Rec: 11641.20, Reg: 2111.16
:: Epoch4 :: BPD: 0.19, Rec: 10881.93, Reg: 2200.30
:: Epoch5 :: BPD: 0.19, Rec: 10411.69, Reg: 2306.35
:: Epoch6 :: BPD: 0.18, Rec: 9964.01, Reg: 2465.09
:: Epoch7 :: BPD: 0.18, Rec: 9805.10, Reg: 2406.02
:: Epoch8 :: BPD: 0.18, Rec: 9620.70, Reg: 2471.19
:: Epoch9 :: BPD: 0.18, Rec: 9449.10, Reg: 2481.25
:: Epoch10 :: BPD: 0.18, Rec: 9412.05, Reg: 2437.74
:: Epoch11 :: BPD: 0.17, Rec: 9319.79, Reg: 2459.08
:: Epoch12 :: BPD: 0.17, Rec: 9141.60, Reg: 2523.69
:: Epoch13 :: BPD: 0.17, Rec: 9228.97, Reg: 2449.11
:: Epoch14 :: BPD: 0.17, Rec: 9097.59, Reg: 2495.24
:: Epoch15 :: BPD: 0.17, Rec: 9053.70, Reg: 2520.05
:: Epoch16 :: BPD: 0.17, Rec: 9016.26, Reg: 2497.92
:: Epoch17 :: BPD: 0.17, Rec: 8908.75, Reg: 2564.85
:: Epoch18 :: BPD: 0.17, Rec: 8876.35, Reg: 2593.97
:: Epoch19 :: BPD: 0.17, Rec: 8822.47, Reg: 2580.02
:: Epoch20 :: BPD: 0.17, Rec: 8770.03, Reg: 2622.82
:: Epoch21 :: BPD: 0.17, Rec: 8799.06, Reg: 2622.53
:: Epoch22 :: BPD: 0.17, Rec: 8717.33, Reg: 2589.24
:: Epoch23 :: BPD: 0.17, Rec: 8703.28, Reg: 2682.35
:: Epoch24 :: BPD: 0.17, Rec: 8650.36, Reg: 2641.55
:: Epoch25 :: BPD: 0.17, Rec: 8732.49, Reg: 2553.83
:: Epoch26 :: BPD: 0.17, Rec: 8717.54, Reg: 2606.41
:: Epoch27 :: BPD: 0.17, Rec: 8721.93, Reg: 2592.93
:: Epoch28 :: BPD: 0.17, Rec: 8676.40, Reg: 2606.58
:: Epoch29 :: BPD: 0.17, Rec: 8654.51, Reg: 2615.02
:: Epoch30 :: BPD: 0.17, Rec: 8615.20, Reg: 2616.98
:: Epoch31 :: BPD: 0.17, Rec: 8532.45, Reg: 2703.12
:: Epoch32 :: BPD: 0.17, Rec: 8629.18, Reg: 2594.09
:: Epoch33 :: BPD: 0.17, Rec: 8563.49, Reg: 2670.63
:: Epoch34 :: BPD: 0.17, Rec: 8601.88, Reg: 2677.75
:: Epoch35 :: BPD: 0.17, Rec: 8575.96, Reg: 2654.18
:: Epoch36 :: BPD: 0.17, Rec: 8627.05, Reg: 2626.48
:: Epoch37 :: BPD: 0.17, Rec: 8594.15, Reg: 2638.13
:: Epoch38 :: BPD: 0.17, Rec: 8585.84, Reg: 2639.90
:: Epoch39 :: BPD: 0.17, Rec: 8512.97, Reg: 2712.41
:: Epoch40 :: BPD: 0.17, Rec: 8549.17, Reg: 2683.85
:: Epoch41 :: BPD: 0.17, Rec: 8466.66, Reg: 2741.62
:: Epoch42 :: BPD: 0.17, Rec: 8551.05, Reg: 2685.95
:: Epoch43 :: BPD: 0.17, Rec: 8499.47, Reg: 2747.68
:: Epoch44 :: BPD: 0.17, Rec: 8504.10, Reg: 2701.00
:: Epoch45 :: BPD: 0.17, Rec: 8500.21, Reg: 2728.27
:: Epoch46 :: BPD: 0.17, Rec: 8435.08, Reg: 2778.07
:: Epoch47 :: BPD: 0.17, Rec: 8513.52, Reg: 2716.82
:: Epoch48 :: BPD: 0.17, Rec: 8534.21, Reg: 2716.91
:: Epoch49 :: BPD: 0.17, Rec: 8498.51, Reg: 2703.31
:: Epoch50 :: BPD: 0.17, Rec: 8554.88, Reg: 2731.28
:: Epoch51 :: BPD: 0.17, Rec: 8509.19, Reg: 2703.31
:: Epoch52 :: BPD: 0.17, Rec: 8509.95, Reg: 2704.36
:: Epoch53 :: BPD: 0.17, Rec: 8456.87, Reg: 2744.28
:: Epoch54 :: BPD: 0.17, Rec: 8498.53, Reg: 2718.76
:: Epoch55 :: BPD: 0.17, Rec: 8493.38, Reg: 2710.38
:: Epoch56 :: BPD: 0.17, Rec: 8531.05, Reg: 2712.86
:: Epoch57 :: BPD: 0.17, Rec: 8496.38, Reg: 2742.57
:: Epoch58 :: BPD: 0.17, Rec: 8497.25, Reg: 2744.48
:: Epoch59 :: BPD: 0.17, Rec: 8475.13, Reg: 2732.86
:: Epoch60 :: BPD: 0.17, Rec: 8532.82, Reg: 2750.28
:: Epoch61 :: BPD: 0.17, Rec: 8458.37, Reg: 2746.61
:: Epoch62 :: BPD: 0.17, Rec: 8505.99, Reg: 2757.29
:: Epoch63 :: BPD: 0.17, Rec: 8422.18, Reg: 2821.13
:: Epoch64 :: BPD: 0.17, Rec: 8469.18, Reg: 2767.14
:: Epoch65 :: BPD: 0.17, Rec: 8519.70, Reg: 2766.95
:: Epoch66 :: BPD: 0.17, Rec: 8491.98, Reg: 2742.79
:: Epoch67 :: BPD: 0.17, Rec: 8547.17, Reg: 2726.65
:: Epoch68 :: BPD: 0.17, Rec: 8553.63, Reg: 2736.73
:: Epoch69 :: BPD: 0.17, Rec: 8491.35, Reg: 2768.33
:: Epoch70 :: BPD: 0.17, Rec: 8530.08, Reg: 2749.50
:: Epoch71 :: BPD: 0.17, Rec: 8540.42, Reg: 2743.02
:: Epoch72 :: BPD: 0.17, Rec: 8533.69, Reg: 2770.33
:: Epoch73 :: BPD: 0.17, Rec: 8561.32, Reg: 2741.21
:: Epoch74 :: BPD: 0.17, Rec: 8524.78, Reg: 2758.28
:: Epoch75 :: BPD: 0.17, Rec: 8515.75, Reg: 2772.01
:: Epoch76 :: BPD: 0.17, Rec: 8530.21, Reg: 2775.67
:: Epoch77 :: BPD: 0.17, Rec: 8502.51, Reg: 2756.47
:: Epoch78 :: BPD: 0.17, Rec: 8552.57, Reg: 2778.33
:: Epoch79 :: BPD: 0.17, Rec: 8548.51, Reg: 2738.05
:: Epoch80 :: BPD: 0.17, Rec: 8544.35, Reg: 2770.65
Best epoch: 49. Load model for testing.
Test BPD: 0.15761425261256062
