Namespace(batch_size=128, epochs=80, hidden_dims=[256], log_dir='VAE_logs', lr=0.001, model='MLP', num_filters=32, num_workers=4, progress_bar=False, seed=42, z_dim=10)
Using device cuda:0
:: Epoch1 :: BPD: 0.25, Rec: 15255.77, Reg: 2013.76
:: Epoch2 :: BPD: 0.23, Rec: 13151.04, Reg: 2215.51
:: Epoch3 :: BPD: 0.22, Rec: 12507.93, Reg: 2171.78
:: Epoch4 :: BPD: 0.21, Rec: 12013.79, Reg: 2255.19
:: Epoch5 :: BPD: 0.21, Rec: 11747.90, Reg: 2247.02
:: Epoch6 :: BPD: 0.20, Rec: 11482.78, Reg: 2283.44
:: Epoch7 :: BPD: 0.20, Rec: 11329.71, Reg: 2274.02
:: Epoch8 :: BPD: 0.20, Rec: 11102.13, Reg: 2386.00
:: Epoch9 :: BPD: 0.20, Rec: 10966.87, Reg: 2413.94
:: Epoch10 :: BPD: 0.20, Rec: 10893.41, Reg: 2383.84
:: Epoch11 :: BPD: 0.19, Rec: 10730.58, Reg: 2451.91
:: Epoch12 :: BPD: 0.19, Rec: 10696.68, Reg: 2429.29
:: Epoch13 :: BPD: 0.19, Rec: 10651.10, Reg: 2400.19
:: Epoch14 :: BPD: 0.19, Rec: 10536.43, Reg: 2436.86
:: Epoch15 :: BPD: 0.19, Rec: 10470.14, Reg: 2459.55
:: Epoch16 :: BPD: 0.19, Rec: 10439.20, Reg: 2470.61
:: Epoch17 :: BPD: 0.19, Rec: 10466.92, Reg: 2384.01
:: Epoch18 :: BPD: 0.19, Rec: 10338.54, Reg: 2485.94
:: Epoch19 :: BPD: 0.19, Rec: 10306.22, Reg: 2461.06
:: Epoch20 :: BPD: 0.19, Rec: 10274.97, Reg: 2481.38
:: Epoch21 :: BPD: 0.19, Rec: 10276.92, Reg: 2473.30
:: Epoch22 :: BPD: 0.19, Rec: 10202.58, Reg: 2481.05
:: Epoch23 :: BPD: 0.19, Rec: 10190.68, Reg: 2473.62
:: Epoch24 :: BPD: 0.19, Rec: 10114.90, Reg: 2530.78
:: Epoch25 :: BPD: 0.19, Rec: 10055.52, Reg: 2560.25
:: Epoch26 :: BPD: 0.19, Rec: 10144.22, Reg: 2479.11
:: Epoch27 :: BPD: 0.19, Rec: 10102.53, Reg: 2489.52
:: Epoch28 :: BPD: 0.19, Rec: 10025.26, Reg: 2536.10
:: Epoch29 :: BPD: 0.19, Rec: 10077.47, Reg: 2468.55
:: Epoch30 :: BPD: 0.19, Rec: 10003.17, Reg: 2538.79
:: Epoch31 :: BPD: 0.18, Rec: 10004.10, Reg: 2519.27
:: Epoch32 :: BPD: 0.18, Rec: 9984.40, Reg: 2514.47
:: Epoch33 :: BPD: 0.18, Rec: 9918.70, Reg: 2584.22
:: Epoch34 :: BPD: 0.18, Rec: 9956.05, Reg: 2530.09
:: Epoch35 :: BPD: 0.18, Rec: 9940.02, Reg: 2540.22
:: Epoch36 :: BPD: 0.18, Rec: 9937.46, Reg: 2517.57
:: Epoch37 :: BPD: 0.18, Rec: 9936.90, Reg: 2502.22
:: Epoch38 :: BPD: 0.18, Rec: 9927.58, Reg: 2535.95
:: Epoch39 :: BPD: 0.18, Rec: 9872.07, Reg: 2546.58
:: Epoch40 :: BPD: 0.18, Rec: 9892.86, Reg: 2540.09
:: Epoch41 :: BPD: 0.18, Rec: 9854.64, Reg: 2569.38
:: Epoch42 :: BPD: 0.18, Rec: 9835.27, Reg: 2564.27
:: Epoch43 :: BPD: 0.18, Rec: 9868.25, Reg: 2563.56
:: Epoch44 :: BPD: 0.18, Rec: 9854.08, Reg: 2536.12
:: Epoch45 :: BPD: 0.18, Rec: 9797.19, Reg: 2620.96
:: Epoch46 :: BPD: 0.18, Rec: 9784.33, Reg: 2575.86
:: Epoch47 :: BPD: 0.18, Rec: 9826.25, Reg: 2553.73
:: Epoch48 :: BPD: 0.18, Rec: 9835.84, Reg: 2546.49
:: Epoch49 :: BPD: 0.18, Rec: 9767.10, Reg: 2583.65
:: Epoch50 :: BPD: 0.18, Rec: 9808.81, Reg: 2551.83
:: Epoch51 :: BPD: 0.18, Rec: 9788.48, Reg: 2552.50
:: Epoch52 :: BPD: 0.18, Rec: 9749.57, Reg: 2579.27
:: Epoch53 :: BPD: 0.18, Rec: 9801.35, Reg: 2534.23
:: Epoch54 :: BPD: 0.18, Rec: 9745.94, Reg: 2609.83
:: Epoch55 :: BPD: 0.18, Rec: 9666.66, Reg: 2687.71
:: Epoch56 :: BPD: 0.18, Rec: 9758.65, Reg: 2566.75
:: Epoch57 :: BPD: 0.18, Rec: 9666.89, Reg: 2655.79
:: Epoch58 :: BPD: 0.18, Rec: 9689.88, Reg: 2617.83
:: Epoch59 :: BPD: 0.18, Rec: 9673.92, Reg: 2647.54
:: Epoch60 :: BPD: 0.18, Rec: 9744.36, Reg: 2565.75
:: Epoch61 :: BPD: 0.18, Rec: 9666.42, Reg: 2616.67
:: Epoch62 :: BPD: 0.18, Rec: 9775.16, Reg: 2540.04
:: Epoch63 :: BPD: 0.18, Rec: 9734.21, Reg: 2577.88
:: Epoch64 :: BPD: 0.18, Rec: 9653.42, Reg: 2617.05
:: Epoch65 :: BPD: 0.18, Rec: 9685.63, Reg: 2610.01
:: Epoch66 :: BPD: 0.18, Rec: 9714.13, Reg: 2572.37
:: Epoch67 :: BPD: 0.18, Rec: 9633.27, Reg: 2629.50
:: Epoch68 :: BPD: 0.18, Rec: 9733.92, Reg: 2537.89
:: Epoch69 :: BPD: 0.18, Rec: 9682.98, Reg: 2581.09
:: Epoch70 :: BPD: 0.18, Rec: 9765.08, Reg: 2537.91
:: Epoch71 :: BPD: 0.18, Rec: 9734.72, Reg: 2539.61
:: Epoch72 :: BPD: 0.18, Rec: 9701.36, Reg: 2584.80
:: Epoch73 :: BPD: 0.18, Rec: 9700.62, Reg: 2567.95
:: Epoch74 :: BPD: 0.18, Rec: 9660.92, Reg: 2610.34
:: Epoch75 :: BPD: 0.18, Rec: 9686.71, Reg: 2573.07
:: Epoch76 :: BPD: 0.18, Rec: 9642.10, Reg: 2619.78
:: Epoch77 :: BPD: 0.18, Rec: 9616.58, Reg: 2636.24
:: Epoch78 :: BPD: 0.18, Rec: 9635.27, Reg: 2642.81
:: Epoch79 :: BPD: 0.18, Rec: 9628.74, Reg: 2599.66
:: Epoch80 :: BPD: 0.18, Rec: 9594.21, Reg: 2639.31
Best epoch: 80. Load model for testing.
Test BPD: 0.17216656932347937
