Namespace(batch_size=128, epochs=80, hidden_dims=[256], log_dir='VAE_logs', lr=0.001, model='MLP', num_filters=32, num_workers=4, progress_bar=False, seed=42, z_dim=20)
Using device cuda:0
:: Epoch1 :: BPD: 0.26, Rec: 15444.17, Reg: 2233.08
:: Epoch2 :: BPD: 0.22, Rec: 11986.15, Reg: 2849.20
:: Epoch3 :: BPD: 0.20, Rec: 10627.15, Reg: 3114.55
:: Epoch4 :: BPD: 0.20, Rec: 9960.39, Reg: 3245.80
:: Epoch5 :: BPD: 0.19, Rec: 9427.14, Reg: 3360.81
:: Epoch6 :: BPD: 0.19, Rec: 9141.44, Reg: 3383.58
:: Epoch7 :: BPD: 0.18, Rec: 8923.33, Reg: 3411.71
:: Epoch8 :: BPD: 0.18, Rec: 8738.22, Reg: 3491.04
:: Epoch9 :: BPD: 0.18, Rec: 8557.27, Reg: 3519.16
:: Epoch10 :: BPD: 0.18, Rec: 8450.07, Reg: 3544.08
:: Epoch11 :: BPD: 0.18, Rec: 8302.01, Reg: 3606.58
:: Epoch12 :: BPD: 0.17, Rec: 8222.13, Reg: 3601.81
:: Epoch13 :: BPD: 0.17, Rec: 8194.11, Reg: 3599.39
:: Epoch14 :: BPD: 0.17, Rec: 8091.75, Reg: 3660.67
:: Epoch15 :: BPD: 0.17, Rec: 8008.33, Reg: 3671.42
:: Epoch16 :: BPD: 0.17, Rec: 8022.92, Reg: 3665.29
:: Epoch17 :: BPD: 0.17, Rec: 7914.12, Reg: 3692.92
:: Epoch18 :: BPD: 0.17, Rec: 7855.43, Reg: 3751.88
:: Epoch19 :: BPD: 0.17, Rec: 7943.53, Reg: 3609.99
:: Epoch20 :: BPD: 0.17, Rec: 7887.33, Reg: 3644.03
:: Epoch21 :: BPD: 0.17, Rec: 7826.77, Reg: 3699.63
:: Epoch22 :: BPD: 0.17, Rec: 7822.38, Reg: 3682.79
:: Epoch23 :: BPD: 0.17, Rec: 7721.93, Reg: 3754.83
:: Epoch24 :: BPD: 0.17, Rec: 7820.72, Reg: 3646.18
:: Epoch25 :: BPD: 0.17, Rec: 7704.40, Reg: 3752.04
:: Epoch26 :: BPD: 0.17, Rec: 7693.99, Reg: 3740.13
:: Epoch27 :: BPD: 0.17, Rec: 7607.59, Reg: 3804.55
:: Epoch28 :: BPD: 0.17, Rec: 7623.84, Reg: 3766.88
:: Epoch29 :: BPD: 0.17, Rec: 7669.21, Reg: 3724.95
:: Epoch30 :: BPD: 0.17, Rec: 7559.90, Reg: 3809.89
:: Epoch31 :: BPD: 0.17, Rec: 7580.03, Reg: 3771.17
:: Epoch32 :: BPD: 0.17, Rec: 7580.36, Reg: 3760.65
:: Epoch33 :: BPD: 0.17, Rec: 7534.92, Reg: 3784.11
:: Epoch34 :: BPD: 0.17, Rec: 7592.06, Reg: 3749.89
:: Epoch35 :: BPD: 0.17, Rec: 7548.46, Reg: 3793.56
:: Epoch36 :: BPD: 0.17, Rec: 7557.29, Reg: 3792.46
:: Epoch37 :: BPD: 0.17, Rec: 7472.93, Reg: 3815.98
:: Epoch38 :: BPD: 0.17, Rec: 7471.97, Reg: 3787.74
:: Epoch39 :: BPD: 0.17, Rec: 7433.65, Reg: 3836.02
:: Epoch40 :: BPD: 0.17, Rec: 7405.44, Reg: 3900.48
:: Epoch41 :: BPD: 0.17, Rec: 7450.94, Reg: 3817.17
:: Epoch42 :: BPD: 0.17, Rec: 7456.24, Reg: 3785.18
:: Epoch43 :: BPD: 0.17, Rec: 7505.00, Reg: 3746.74
:: Epoch44 :: BPD: 0.17, Rec: 7393.38, Reg: 3803.54
:: Epoch45 :: BPD: 0.17, Rec: 7427.17, Reg: 3818.10
:: Epoch46 :: BPD: 0.17, Rec: 7416.64, Reg: 3811.33
:: Epoch47 :: BPD: 0.17, Rec: 7460.38, Reg: 3776.63
:: Epoch48 :: BPD: 0.17, Rec: 7435.66, Reg: 3785.50
:: Epoch49 :: BPD: 0.17, Rec: 7372.67, Reg: 3855.34
:: Epoch50 :: BPD: 0.17, Rec: 7384.02, Reg: 3859.26
:: Epoch51 :: BPD: 0.17, Rec: 7349.91, Reg: 3883.01
:: Epoch52 :: BPD: 0.17, Rec: 7274.11, Reg: 3921.32
:: Epoch53 :: BPD: 0.17, Rec: 7248.64, Reg: 3939.45
:: Epoch54 :: BPD: 0.17, Rec: 7456.42, Reg: 3778.39
:: Epoch55 :: BPD: 0.17, Rec: 7316.94, Reg: 3868.89
:: Epoch56 :: BPD: 0.16, Rec: 7345.00, Reg: 3823.15
:: Epoch57 :: BPD: 0.17, Rec: 7320.39, Reg: 3847.20
:: Epoch58 :: BPD: 0.17, Rec: 7288.62, Reg: 3882.32
:: Epoch59 :: BPD: 0.16, Rec: 7332.18, Reg: 3828.21
:: Epoch60 :: BPD: 0.17, Rec: 7261.73, Reg: 3915.52
:: Epoch61 :: BPD: 0.16, Rec: 7286.25, Reg: 3859.22
:: Epoch62 :: BPD: 0.16, Rec: 7303.98, Reg: 3821.96
:: Epoch63 :: BPD: 0.16, Rec: 7391.91, Reg: 3751.50
:: Epoch64 :: BPD: 0.16, Rec: 7233.03, Reg: 3896.57
:: Epoch65 :: BPD: 0.16, Rec: 7321.02, Reg: 3830.87
:: Epoch66 :: BPD: 0.16, Rec: 7329.57, Reg: 3819.62
:: Epoch67 :: BPD: 0.16, Rec: 7245.23, Reg: 3874.75
:: Epoch68 :: BPD: 0.16, Rec: 7254.54, Reg: 3883.65
:: Epoch69 :: BPD: 0.16, Rec: 7313.13, Reg: 3821.64
:: Epoch70 :: BPD: 0.16, Rec: 7205.09, Reg: 3916.88
:: Epoch71 :: BPD: 0.16, Rec: 7271.03, Reg: 3879.51
:: Epoch72 :: BPD: 0.16, Rec: 7313.79, Reg: 3816.12
:: Epoch73 :: BPD: 0.16, Rec: 7219.55, Reg: 3890.07
:: Epoch74 :: BPD: 0.16, Rec: 7244.89, Reg: 3861.18
:: Epoch75 :: BPD: 0.16, Rec: 7181.21, Reg: 3920.88
:: Epoch76 :: BPD: 0.16, Rec: 7202.47, Reg: 3895.79
:: Epoch77 :: BPD: 0.16, Rec: 7215.94, Reg: 3869.54
:: Epoch78 :: BPD: 0.16, Rec: 7229.20, Reg: 3857.35
:: Epoch79 :: BPD: 0.16, Rec: 7145.53, Reg: 3933.86
:: Epoch80 :: BPD: 0.16, Rec: 7296.05, Reg: 3768.39
Best epoch: 80. Load model for testing.
Test BPD: 0.15621852459786814
:: Epoch5 :: BPD: 0.19, Rec: 9427.14, Reg: 3360.81
:: Epoch6 :: BPD: 0.19, Rec: 9141.44, Reg: 3383.58
:: Epoch7 :: BPD: 0.18, Rec: 8923.33, Reg: 3411.71
:: Epoch8 :: BPD: 0.18, Rec: 8738.22, Reg: 3491.04
:: Epoch9 :: BPD: 0.18, Rec: 8557.27, Reg: 3519.16
:: Epoch10 :: BPD: 0.18, Rec: 8450.07, Reg: 3544.08
:: Epoch11 :: BPD: 0.18, Rec: 8302.01, Reg: 3606.58
:: Epoch12 :: BPD: 0.17, Rec: 8222.13, Reg: 3601.81
:: Epoch13 :: BPD: 0.17, Rec: 8194.11, Reg: 3599.39
:: Epoch14 :: BPD: 0.17, Rec: 8091.75, Reg: 3660.67
:: Epoch15 :: BPD: 0.17, Rec: 8008.33, Reg: 3671.42
:: Epoch16 :: BPD: 0.17, Rec: 8022.92, Reg: 3665.29
:: Epoch17 :: BPD: 0.17, Rec: 7914.12, Reg: 3692.92
:: Epoch18 :: BPD: 0.17, Rec: 7855.43, Reg: 3751.88
:: Epoch19 :: BPD: 0.17, Rec: 7943.53, Reg: 3609.99
:: Epoch20 :: BPD: 0.17, Rec: 7887.33, Reg: 3644.03
:: Epoch21 :: BPD: 0.17, Rec: 7826.77, Reg: 3699.63
:: Epoch22 :: BPD: 0.17, Rec: 7822.38, Reg: 3682.79
:: Epoch23 :: BPD: 0.17, Rec: 7721.93, Reg: 3754.83
:: Epoch24 :: BPD: 0.17, Rec: 7820.72, Reg: 3646.18
:: Epoch25 :: BPD: 0.17, Rec: 7704.40, Reg: 3752.04
:: Epoch26 :: BPD: 0.17, Rec: 7693.99, Reg: 3740.13
:: Epoch27 :: BPD: 0.17, Rec: 7607.59, Reg: 3804.55
:: Epoch28 :: BPD: 0.17, Rec: 7623.84, Reg: 3766.88
:: Epoch29 :: BPD: 0.17, Rec: 7669.21, Reg: 3724.95
:: Epoch30 :: BPD: 0.17, Rec: 7559.90, Reg: 3809.89
:: Epoch31 :: BPD: 0.17, Rec: 7580.03, Reg: 3771.17
:: Epoch32 :: BPD: 0.17, Rec: 7580.36, Reg: 3760.65
:: Epoch33 :: BPD: 0.17, Rec: 7534.92, Reg: 3784.11
:: Epoch34 :: BPD: 0.17, Rec: 7592.06, Reg: 3749.89
:: Epoch35 :: BPD: 0.17, Rec: 7548.46, Reg: 3793.56
:: Epoch36 :: BPD: 0.17, Rec: 7557.29, Reg: 3792.46
:: Epoch37 :: BPD: 0.17, Rec: 7472.93, Reg: 3815.98
:: Epoch38 :: BPD: 0.17, Rec: 7471.97, Reg: 3787.74
:: Epoch39 :: BPD: 0.17, Rec: 7433.65, Reg: 3836.02
:: Epoch40 :: BPD: 0.17, Rec: 7405.44, Reg: 3900.48
:: Epoch41 :: BPD: 0.17, Rec: 7450.94, Reg: 3817.17
:: Epoch42 :: BPD: 0.17, Rec: 7456.24, Reg: 3785.18
:: Epoch43 :: BPD: 0.17, Rec: 7505.00, Reg: 3746.74
:: Epoch44 :: BPD: 0.17, Rec: 7393.38, Reg: 3803.54
:: Epoch45 :: BPD: 0.17, Rec: 7427.17, Reg: 3818.10
:: Epoch46 :: BPD: 0.17, Rec: 7416.64, Reg: 3811.33
:: Epoch47 :: BPD: 0.17, Rec: 7460.38, Reg: 3776.63
:: Epoch48 :: BPD: 0.17, Rec: 7435.66, Reg: 3785.50
:: Epoch49 :: BPD: 0.17, Rec: 7372.67, Reg: 3855.34
:: Epoch50 :: BPD: 0.17, Rec: 7384.02, Reg: 3859.26
:: Epoch51 :: BPD: 0.17, Rec: 7349.91, Reg: 3883.01
:: Epoch52 :: BPD: 0.17, Rec: 7274.11, Reg: 3921.32
:: Epoch53 :: BPD: 0.17, Rec: 7248.64, Reg: 3939.45
:: Epoch54 :: BPD: 0.17, Rec: 7456.42, Reg: 3778.39
:: Epoch55 :: BPD: 0.17, Rec: 7316.94, Reg: 3868.89
:: Epoch56 :: BPD: 0.16, Rec: 7345.00, Reg: 3823.15
:: Epoch57 :: BPD: 0.17, Rec: 7320.39, Reg: 3847.20
:: Epoch58 :: BPD: 0.17, Rec: 7288.62, Reg: 3882.32
:: Epoch59 :: BPD: 0.16, Rec: 7332.18, Reg: 3828.21
:: Epoch60 :: BPD: 0.17, Rec: 7261.73, Reg: 3915.52
:: Epoch61 :: BPD: 0.16, Rec: 7286.25, Reg: 3859.22
:: Epoch62 :: BPD: 0.16, Rec: 7303.98, Reg: 3821.96
:: Epoch63 :: BPD: 0.16, Rec: 7391.91, Reg: 3751.50
:: Epoch64 :: BPD: 0.16, Rec: 7233.03, Reg: 3896.57
:: Epoch65 :: BPD: 0.16, Rec: 7321.02, Reg: 3830.87
:: Epoch66 :: BPD: 0.16, Rec: 7329.57, Reg: 3819.62
:: Epoch67 :: BPD: 0.16, Rec: 7245.23, Reg: 3874.75
:: Epoch68 :: BPD: 0.16, Rec: 7254.54, Reg: 3883.65
:: Epoch69 :: BPD: 0.16, Rec: 7313.13, Reg: 3821.64
:: Epoch70 :: BPD: 0.16, Rec: 7205.09, Reg: 3916.88
:: Epoch71 :: BPD: 0.16, Rec: 7271.03, Reg: 3879.51
:: Epoch72 :: BPD: 0.16, Rec: 7313.79, Reg: 3816.12
:: Epoch73 :: BPD: 0.16, Rec: 7219.55, Reg: 3890.07
:: Epoch74 :: BPD: 0.16, Rec: 7244.89, Reg: 3861.18
:: Epoch75 :: BPD: 0.16, Rec: 7181.21, Reg: 3920.88
:: Epoch76 :: BPD: 0.16, Rec: 7202.47, Reg: 3895.79
:: Epoch77 :: BPD: 0.16, Rec: 7215.94, Reg: 3869.54
:: Epoch78 :: BPD: 0.16, Rec: 7229.20, Reg: 3857.35
:: Epoch79 :: BPD: 0.16, Rec: 7145.53, Reg: 3933.86
:: Epoch80 :: BPD: 0.16, Rec: 7296.05, Reg: 3768.39
Best epoch: 80. Load model for testing.
Test BPD: 0.15621852459786814
