Namespace(batch_size=128, epochs=80, hidden_dims=[512, 256], log_dir='VAE_logs', lr=0.001, model='MLP', num_filters=32, num_workers=4, progress_bar=False, seed=42, z_dim=30)
Using device cuda:0
:: Epoch1 :: BPD: 0.28, Rec: 17040.58, Reg: 1626.18
:: Epoch2 :: BPD: 0.23, Rec: 13498.03, Reg: 1945.17
:: Epoch3 :: BPD: 0.21, Rec: 11816.76, Reg: 2178.16
:: Epoch4 :: BPD: 0.20, Rec: 11070.81, Reg: 2240.29
:: Epoch5 :: BPD: 0.19, Rec: 10353.40, Reg: 2410.79
:: Epoch6 :: BPD: 0.18, Rec: 9926.44, Reg: 2513.17
:: Epoch7 :: BPD: 0.18, Rec: 9667.61, Reg: 2543.18
:: Epoch8 :: BPD: 0.18, Rec: 9266.69, Reg: 2729.16
:: Epoch9 :: BPD: 0.17, Rec: 9043.17, Reg: 2708.02
:: Epoch10 :: BPD: 0.17, Rec: 8843.25, Reg: 2768.23
:: Epoch11 :: BPD: 0.17, Rec: 8681.28, Reg: 2802.35
:: Epoch12 :: BPD: 0.17, Rec: 8606.42, Reg: 2781.44
:: Epoch13 :: BPD: 0.17, Rec: 8456.20, Reg: 2884.92
:: Epoch14 :: BPD: 0.17, Rec: 8355.58, Reg: 2869.44
:: Epoch15 :: BPD: 0.17, Rec: 8290.98, Reg: 2901.74
:: Epoch16 :: BPD: 0.16, Rec: 8155.83, Reg: 2928.27
:: Epoch17 :: BPD: 0.16, Rec: 8166.72, Reg: 2892.44
:: Epoch18 :: BPD: 0.16, Rec: 8135.42, Reg: 2913.11
:: Epoch19 :: BPD: 0.16, Rec: 8113.25, Reg: 2917.10
:: Epoch20 :: BPD: 0.16, Rec: 8098.27, Reg: 2943.49
:: Epoch21 :: BPD: 0.16, Rec: 8032.35, Reg: 2955.40
:: Epoch22 :: BPD: 0.16, Rec: 7935.76, Reg: 2989.05
:: Epoch23 :: BPD: 0.16, Rec: 7989.26, Reg: 2969.56
:: Epoch24 :: BPD: 0.16, Rec: 7894.57, Reg: 2981.23
:: Epoch25 :: BPD: 0.16, Rec: 7861.03, Reg: 2982.69
:: Epoch26 :: BPD: 0.16, Rec: 7907.89, Reg: 2973.74
:: Epoch27 :: BPD: 0.16, Rec: 7788.20, Reg: 3080.00
:: Epoch28 :: BPD: 0.16, Rec: 7817.30, Reg: 3036.57
:: Epoch29 :: BPD: 0.16, Rec: 7873.35, Reg: 2993.18
:: Epoch30 :: BPD: 0.16, Rec: 7840.62, Reg: 3021.17
:: Epoch31 :: BPD: 0.16, Rec: 7790.78, Reg: 3053.20
:: Epoch32 :: BPD: 0.16, Rec: 7724.16, Reg: 3095.22
:: Epoch33 :: BPD: 0.16, Rec: 7789.61, Reg: 3032.66
:: Epoch34 :: BPD: 0.16, Rec: 7653.69, Reg: 3148.46
:: Epoch35 :: BPD: 0.16, Rec: 7801.91, Reg: 3051.09
:: Epoch36 :: BPD: 0.16, Rec: 7732.70, Reg: 3065.98
:: Epoch37 :: BPD: 0.16, Rec: 7784.33, Reg: 3054.17
:: Epoch38 :: BPD: 0.16, Rec: 7674.56, Reg: 3094.40
:: Epoch39 :: BPD: 0.16, Rec: 7692.81, Reg: 3077.55
:: Epoch40 :: BPD: 0.16, Rec: 7707.41, Reg: 3064.56
:: Epoch41 :: BPD: 0.16, Rec: 7679.96, Reg: 3098.51
:: Epoch42 :: BPD: 0.16, Rec: 7719.32, Reg: 3077.52
:: Epoch43 :: BPD: 0.16, Rec: 7758.84, Reg: 3039.60
:: Epoch44 :: BPD: 0.16, Rec: 7710.62, Reg: 3053.51
:: Epoch45 :: BPD: 0.16, Rec: 7758.21, Reg: 3039.29
:: Epoch46 :: BPD: 0.16, Rec: 7652.95, Reg: 3106.07
:: Epoch47 :: BPD: 0.16, Rec: 7623.92, Reg: 3137.19
:: Epoch48 :: BPD: 0.16, Rec: 7658.37, Reg: 3137.72
:: Epoch49 :: BPD: 0.16, Rec: 7609.06, Reg: 3140.27
:: Epoch50 :: BPD: 0.16, Rec: 7645.64, Reg: 3154.25
:: Epoch51 :: BPD: 0.16, Rec: 7679.99, Reg: 3088.30
:: Epoch52 :: BPD: 0.16, Rec: 7684.72, Reg: 3111.05
:: Epoch53 :: BPD: 0.16, Rec: 7655.19, Reg: 3138.43
:: Epoch54 :: BPD: 0.16, Rec: 7707.30, Reg: 3074.09
:: Epoch55 :: BPD: 0.16, Rec: 7674.24, Reg: 3114.12
:: Epoch56 :: BPD: 0.16, Rec: 7627.95, Reg: 3174.30
:: Epoch57 :: BPD: 0.16, Rec: 7609.63, Reg: 3182.93
:: Epoch58 :: BPD: 0.16, Rec: 7666.08, Reg: 3112.57
:: Epoch59 :: BPD: 0.16, Rec: 7611.11, Reg: 3169.73
:: Epoch60 :: BPD: 0.16, Rec: 7623.26, Reg: 3162.08
:: Epoch61 :: BPD: 0.16, Rec: 7638.35, Reg: 3154.56
:: Epoch62 :: BPD: 0.16, Rec: 7661.77, Reg: 3146.71
:: Epoch63 :: BPD: 0.16, Rec: 7661.64, Reg: 3174.69
:: Epoch64 :: BPD: 0.16, Rec: 7750.70, Reg: 3129.88
:: Epoch65 :: BPD: 0.16, Rec: 7688.83, Reg: 3155.59
:: Epoch66 :: BPD: 0.16, Rec: 7638.96, Reg: 3149.97
:: Epoch67 :: BPD: 0.16, Rec: 7635.17, Reg: 3161.74
:: Epoch68 :: BPD: 0.16, Rec: 7662.49, Reg: 3155.43
:: Epoch69 :: BPD: 0.16, Rec: 7661.69, Reg: 3157.30
:: Epoch70 :: BPD: 0.16, Rec: 7718.35, Reg: 3093.48
:: Epoch71 :: BPD: 0.16, Rec: 7694.58, Reg: 3129.06
:: Epoch72 :: BPD: 0.16, Rec: 7665.27, Reg: 3141.80
:: Epoch73 :: BPD: 0.16, Rec: 7661.56, Reg: 3153.00
:: Epoch74 :: BPD: 0.16, Rec: 7625.98, Reg: 3189.99
:: Epoch75 :: BPD: 0.16, Rec: 7698.27, Reg: 3120.58
:: Epoch76 :: BPD: 0.16, Rec: 7714.42, Reg: 3130.79
:: Epoch77 :: BPD: 0.16, Rec: 7713.60, Reg: 3148.50
:: Epoch78 :: BPD: 0.16, Rec: 7646.74, Reg: 3196.69
:: Epoch79 :: BPD: 0.16, Rec: 7641.32, Reg: 3157.04
:: Epoch80 :: BPD: 0.16, Rec: 7671.17, Reg: 3208.80
Best epoch: 49. Load model for testing.
Test BPD: 0.1514793068547792
