Namespace(batch_size=128, epochs=80, hidden_dims=[512], log_dir='VAE_logs', lr=0.001, model='MLP', num_filters=32, num_workers=4, progress_bar=False, seed=42, z_dim=10)
Using device cuda:0
:: Epoch1 :: BPD: 0.24, Rec: 13781.84, Reg: 2130.96
:: Epoch2 :: BPD: 0.21, Rec: 12260.00, Reg: 2230.96
:: Epoch3 :: BPD: 0.21, Rec: 11688.93, Reg: 2266.52
:: Epoch4 :: BPD: 0.20, Rec: 11281.99, Reg: 2341.57
:: Epoch5 :: BPD: 0.20, Rec: 11033.15, Reg: 2344.96
:: Epoch6 :: BPD: 0.20, Rec: 10853.36, Reg: 2404.27
:: Epoch7 :: BPD: 0.19, Rec: 10702.49, Reg: 2403.94
:: Epoch8 :: BPD: 0.19, Rec: 10586.40, Reg: 2415.38
:: Epoch9 :: BPD: 0.19, Rec: 10426.52, Reg: 2466.03
:: Epoch10 :: BPD: 0.19, Rec: 10368.95, Reg: 2414.44
:: Epoch11 :: BPD: 0.19, Rec: 10383.90, Reg: 2358.31
:: Epoch12 :: BPD: 0.19, Rec: 10157.21, Reg: 2518.17
:: Epoch13 :: BPD: 0.19, Rec: 10078.41, Reg: 2553.22
:: Epoch14 :: BPD: 0.19, Rec: 10067.97, Reg: 2505.97
:: Epoch15 :: BPD: 0.18, Rec: 9958.86, Reg: 2548.54
:: Epoch16 :: BPD: 0.18, Rec: 9899.51, Reg: 2533.98
:: Epoch17 :: BPD: 0.18, Rec: 9855.14, Reg: 2568.07
:: Epoch18 :: BPD: 0.18, Rec: 9846.74, Reg: 2531.62
:: Epoch19 :: BPD: 0.18, Rec: 9868.34, Reg: 2501.63
:: Epoch20 :: BPD: 0.18, Rec: 9699.80, Reg: 2612.67
:: Epoch21 :: BPD: 0.18, Rec: 9700.52, Reg: 2598.18
:: Epoch22 :: BPD: 0.18, Rec: 9671.49, Reg: 2587.26
:: Epoch23 :: BPD: 0.18, Rec: 9666.28, Reg: 2555.82
:: Epoch24 :: BPD: 0.18, Rec: 9594.99, Reg: 2605.74
:: Epoch25 :: BPD: 0.18, Rec: 9637.88, Reg: 2548.87
:: Epoch26 :: BPD: 0.18, Rec: 9594.75, Reg: 2573.63
:: Epoch27 :: BPD: 0.18, Rec: 9609.70, Reg: 2556.57
:: Epoch28 :: BPD: 0.18, Rec: 9506.18, Reg: 2619.65
:: Epoch29 :: BPD: 0.18, Rec: 9543.77, Reg: 2571.36
:: Epoch30 :: BPD: 0.18, Rec: 9477.68, Reg: 2618.15
:: Epoch31 :: BPD: 0.18, Rec: 9466.92, Reg: 2632.42
:: Epoch32 :: BPD: 0.18, Rec: 9449.77, Reg: 2622.66
:: Epoch33 :: BPD: 0.18, Rec: 9486.58, Reg: 2595.41
:: Epoch34 :: BPD: 0.18, Rec: 9348.65, Reg: 2690.09
:: Epoch35 :: BPD: 0.18, Rec: 9403.84, Reg: 2614.65
:: Epoch36 :: BPD: 0.18, Rec: 9445.30, Reg: 2587.01
:: Epoch37 :: BPD: 0.18, Rec: 9353.70, Reg: 2662.65
:: Epoch38 :: BPD: 0.18, Rec: 9357.35, Reg: 2623.72
:: Epoch39 :: BPD: 0.18, Rec: 9416.55, Reg: 2586.12
:: Epoch40 :: BPD: 0.18, Rec: 9352.11, Reg: 2626.53
:: Epoch41 :: BPD: 0.18, Rec: 9367.88, Reg: 2633.74
:: Epoch42 :: BPD: 0.18, Rec: 9352.80, Reg: 2611.85
:: Epoch43 :: BPD: 0.18, Rec: 9379.88, Reg: 2605.07
:: Epoch44 :: BPD: 0.18, Rec: 9291.88, Reg: 2692.10
:: Epoch45 :: BPD: 0.18, Rec: 9302.72, Reg: 2640.48
:: Epoch46 :: BPD: 0.18, Rec: 9355.41, Reg: 2595.48
:: Epoch47 :: BPD: 0.18, Rec: 9315.71, Reg: 2634.14
:: Epoch48 :: BPD: 0.18, Rec: 9298.88, Reg: 2664.46
:: Epoch49 :: BPD: 0.18, Rec: 9301.82, Reg: 2647.07
:: Epoch50 :: BPD: 0.18, Rec: 9300.42, Reg: 2655.44
:: Epoch51 :: BPD: 0.18, Rec: 9271.79, Reg: 2651.75
:: Epoch52 :: BPD: 0.18, Rec: 9370.53, Reg: 2576.22
:: Epoch53 :: BPD: 0.18, Rec: 9265.09, Reg: 2660.88
:: Epoch54 :: BPD: 0.18, Rec: 9325.27, Reg: 2617.68
:: Epoch55 :: BPD: 0.18, Rec: 9284.15, Reg: 2634.66
:: Epoch56 :: BPD: 0.18, Rec: 9290.11, Reg: 2653.83
:: Epoch57 :: BPD: 0.18, Rec: 9238.39, Reg: 2680.00
:: Epoch58 :: BPD: 0.18, Rec: 9243.46, Reg: 2670.38
:: Epoch59 :: BPD: 0.18, Rec: 9304.49, Reg: 2610.40
:: Epoch60 :: BPD: 0.18, Rec: 9263.36, Reg: 2663.63
:: Epoch61 :: BPD: 0.18, Rec: 9290.37, Reg: 2626.59
:: Epoch62 :: BPD: 0.18, Rec: 9195.19, Reg: 2701.54
:: Epoch63 :: BPD: 0.18, Rec: 9285.48, Reg: 2644.14
:: Epoch64 :: BPD: 0.18, Rec: 9187.91, Reg: 2716.15
:: Epoch65 :: BPD: 0.18, Rec: 9226.42, Reg: 2675.69
:: Epoch66 :: BPD: 0.18, Rec: 9208.06, Reg: 2710.85
:: Epoch67 :: BPD: 0.18, Rec: 9278.82, Reg: 2649.97
:: Epoch68 :: BPD: 0.18, Rec: 9236.26, Reg: 2668.31
:: Epoch69 :: BPD: 0.18, Rec: 9210.82, Reg: 2660.66
:: Epoch70 :: BPD: 0.18, Rec: 9269.47, Reg: 2633.52
:: Epoch71 :: BPD: 0.18, Rec: 9217.53, Reg: 2658.07
:: Epoch72 :: BPD: 0.18, Rec: 9245.75, Reg: 2664.49
:: Epoch73 :: BPD: 0.18, Rec: 9245.02, Reg: 2696.84
:: Epoch74 :: BPD: 0.18, Rec: 9187.64, Reg: 2717.58
:: Epoch75 :: BPD: 0.18, Rec: 9207.53, Reg: 2671.66
:: Epoch76 :: BPD: 0.18, Rec: 9231.26, Reg: 2678.27
:: Epoch77 :: BPD: 0.18, Rec: 9225.09, Reg: 2660.13
:: Epoch78 :: BPD: 0.18, Rec: 9180.37, Reg: 2720.47
:: Epoch79 :: BPD: 0.18, Rec: 9241.35, Reg: 2681.52
:: Epoch80 :: BPD: 0.18, Rec: 9262.81, Reg: 2650.08
Best epoch: 71. Load model for testing.
Test BPD: 0.16696857764751097
