Using device cuda:0
epoch 1
BPD: 0.17, Rec Loss: 85.63, Reg Loss: 6.49
epoch 2
BPD: 0.14, Rec Loss: 70.61, Reg Loss: 5.29
epoch 3
BPD: 0.13, Rec Loss: 64.97, Reg Loss: 4.52
epoch 4
BPD: 0.12, Rec Loss: 61.17, Reg Loss: 4.11
epoch 5
BPD: 0.11, Rec Loss: 58.58, Reg Loss: 3.83
epoch 6
BPD: 0.11, Rec Loss: 56.93, Reg Loss: 3.47
epoch 7
BPD: 0.11, Rec Loss: 55.50, Reg Loss: 3.35
epoch 8
BPD: 0.11, Rec Loss: 54.38, Reg Loss: 3.13
epoch 9
BPD: 0.10, Rec Loss: 53.51, Reg Loss: 3.00
epoch 10
BPD: 0.10, Rec Loss: 52.56, Reg Loss: 2.88
epoch 11
BPD: 0.10, Rec Loss: 52.15, Reg Loss: 2.77
epoch 12
BPD: 0.10, Rec Loss: 51.60, Reg Loss: 2.71
epoch 13
BPD: 0.10, Rec Loss: 51.00, Reg Loss: 2.58
epoch 14
BPD: 0.10, Rec Loss: 50.50, Reg Loss: 2.50
epoch 15
BPD: 0.10, Rec Loss: 50.39, Reg Loss: 2.47
epoch 16
BPD: 0.10, Rec Loss: 50.15, Reg Loss: 2.41
epoch 17
BPD: 0.10, Rec Loss: 49.90, Reg Loss: 2.34
epoch 18
BPD: 0.10, Rec Loss: 49.51, Reg Loss: 2.26
epoch 19
BPD: 0.09, Rec Loss: 49.25, Reg Loss: 2.28
epoch 20
BPD: 0.10, Rec Loss: 49.48, Reg Loss: 2.22
epoch 21
BPD: 0.09, Rec Loss: 49.10, Reg Loss: 2.16
epoch 22
BPD: 0.09, Rec Loss: 48.82, Reg Loss: 2.11
epoch 23
BPD: 0.09, Rec Loss: 48.62, Reg Loss: 2.14
epoch 24
BPD: 0.09, Rec Loss: 48.61, Reg Loss: 2.12
epoch 25
BPD: 0.09, Rec Loss: 48.49, Reg Loss: 2.02
epoch 26
BPD: 0.09, Rec Loss: 48.35, Reg Loss: 1.99
epoch 27
BPD: 0.09, Rec Loss: 48.32, Reg Loss: 1.99
epoch 28
BPD: 0.09, Rec Loss: 48.19, Reg Loss: 1.97
epoch 29
BPD: 0.09, Rec Loss: 47.84, Reg Loss: 1.94
epoch 30
BPD: 0.09, Rec Loss: 47.88, Reg Loss: 1.94
epoch 31
BPD: 0.09, Rec Loss: 47.95, Reg Loss: 1.90
epoch 32
BPD: 0.09, Rec Loss: 47.91, Reg Loss: 1.90
epoch 33
BPD: 0.09, Rec Loss: 47.93, Reg Loss: 1.85
epoch 34
BPD: 0.09, Rec Loss: 47.84, Reg Loss: 1.86
epoch 35
BPD: 0.09, Rec Loss: 47.77, Reg Loss: 1.84
epoch 36
BPD: 0.09, Rec Loss: 47.71, Reg Loss: 1.83
epoch 37
BPD: 0.09, Rec Loss: 47.56, Reg Loss: 1.80
epoch 38
BPD: 0.09, Rec Loss: 47.62, Reg Loss: 1.78
epoch 39
BPD: 0.09, Rec Loss: 47.81, Reg Loss: 1.80
epoch 40
BPD: 0.09, Rec Loss: 47.57, Reg Loss: 1.77
epoch 41
BPD: 0.09, Rec Loss: 47.78, Reg Loss: 1.76
epoch 42
BPD: 0.09, Rec Loss: 47.43, Reg Loss: 1.77
epoch 43
BPD: 0.09, Rec Loss: 47.55, Reg Loss: 1.75
epoch 44
BPD: 0.09, Rec Loss: 47.65, Reg Loss: 1.73
epoch 45
BPD: 0.09, Rec Loss: 47.80, Reg Loss: 1.73
epoch 46
BPD: 0.09, Rec Loss: 47.42, Reg Loss: 1.70
epoch 47
BPD: 0.09, Rec Loss: 47.41, Reg Loss: 1.70
epoch 48
BPD: 0.09, Rec Loss: 47.58, Reg Loss: 1.72
epoch 49
BPD: 0.09, Rec Loss: 47.53, Reg Loss: 1.71
epoch 50
BPD: 0.09, Rec Loss: 47.34, Reg Loss: 1.70
epoch 51
BPD: 0.09, Rec Loss: 47.35, Reg Loss: 1.71
epoch 52
BPD: 0.09, Rec Loss: 47.38, Reg Loss: 1.69
epoch 53
BPD: 0.09, Rec Loss: 47.49, Reg Loss: 1.69
epoch 54
BPD: 0.09, Rec Loss: 47.65, Reg Loss: 1.67
epoch 55
BPD: 0.09, Rec Loss: 47.47, Reg Loss: 1.67
epoch 56
BPD: 0.09, Rec Loss: 47.64, Reg Loss: 1.65
epoch 57
BPD: 0.09, Rec Loss: 47.36, Reg Loss: 1.66
epoch 58
BPD: 0.09, Rec Loss: 47.45, Reg Loss: 1.63
epoch 59
BPD: 0.09, Rec Loss: 47.81, Reg Loss: 1.64
epoch 60
BPD: 0.09, Rec Loss: 47.34, Reg Loss: 1.63
epoch 61
BPD: 0.09, Rec Loss: 47.48, Reg Loss: 1.63
epoch 62
BPD: 0.09, Rec Loss: 47.43, Reg Loss: 1.63
epoch 63
BPD: 0.09, Rec Loss: 47.30, Reg Loss: 1.61
epoch 64
BPD: 0.09, Rec Loss: 47.62, Reg Loss: 1.60
epoch 65
BPD: 0.09, Rec Loss: 47.39, Reg Loss: 1.59
epoch 66
BPD: 0.09, Rec Loss: 47.61, Reg Loss: 1.62
epoch 67
BPD: 0.09, Rec Loss: 47.54, Reg Loss: 1.61
epoch 68
BPD: 0.09, Rec Loss: 47.78, Reg Loss: 1.58
epoch 69
BPD: 0.09, Rec Loss: 47.62, Reg Loss: 1.60
epoch 70
BPD: 0.09, Rec Loss: 47.59, Reg Loss: 1.61
epoch 71
BPD: 0.09, Rec Loss: 47.50, Reg Loss: 1.58
epoch 72
BPD: 0.09, Rec Loss: 47.64, Reg Loss: 1.58
epoch 73
BPD: 0.09, Rec Loss: 47.54, Reg Loss: 1.58
epoch 74
BPD: 0.09, Rec Loss: 47.50, Reg Loss: 1.59
epoch 75
BPD: 0.09, Rec Loss: 47.58, Reg Loss: 1.55
epoch 76
BPD: 0.09, Rec Loss: 47.62, Reg Loss: 1.58
epoch 77
BPD: 0.09, Rec Loss: 47.38, Reg Loss: 1.57
epoch 78
BPD: 0.09, Rec Loss: 47.56, Reg Loss: 1.56
epoch 79
BPD: 0.09, Rec Loss: 47.48, Reg Loss: 1.55
epoch 80
BPD: 0.09, Rec Loss: 47.52, Reg Loss: 1.56
Best epoch: 63. Load model for testing.
Test BPD: 0.08279635365816611
